<?xml version="1.0" encoding="UTF-8"?>
<testsuite name="example.cashcard.CashCardApplicationTests" tests="1" skipped="0" failures="0" errors="0" timestamp="2024-01-29T20:19:26" hostname="spring-academy-boot-developer-w894-s1004-74d47f9d95-t5chm" time="0.614">
  <properties/>
  <testcase name="shouldReturnACashCardWhenDataIsSaved()" classname="example.cashcard.CashCardApplicationTests" time="0.614"/>
  <system-out><![CDATA[20:19:25.330 [Test worker] INFO org.springframework.test.context.support.AnnotationConfigContextLoaderUtils -- Could not detect default configuration classes for test class [example.cashcard.CashCardApplicationTests]: CashCardApplicationTests does not declare any static, non-private, non-final, nested classes annotated with @Configuration.
20:19:25.394 [Test worker] INFO org.springframework.boot.test.context.SpringBootTestContextBootstrapper -- Found @SpringBootConfiguration example.cashcard.CashCardApplication for test class example.cashcard.CashCardApplicationTests

  .   ____          _            __ _ _
 /\\ / ___'_ __ _ _(_)_ __  __ _ \ \ \ \
( ( )\___ | '_ | '_| | '_ \/ _` | \ \ \ \
 \\/  ___)| |_)| | | | | || (_| |  ) ) ) )
  '  |____| .__|_| |_|_| |_\__, | / / / /
 =========|_|==============|___/=/_/_/_/
 :: Spring Boot ::                (v3.1.4)

2024-01-29T20:19:25.619Z  INFO 12161 --- [    Test worker] e.cashcard.CashCardApplicationTests      : Starting CashCardApplicationTests using Java 17.0.7 with PID 12161 (started by eduk8s in /home/eduk8s/exercises)
2024-01-29T20:19:25.620Z  INFO 12161 --- [    Test worker] e.cashcard.CashCardApplicationTests      : No active profile set, falling back to 1 default profile: "default"
2024-01-29T20:19:26.137Z  INFO 12161 --- [    Test worker] o.s.b.w.embedded.tomcat.TomcatWebServer  : Tomcat initialized with port(s): 0 (http)
2024-01-29T20:19:26.143Z  INFO 12161 --- [    Test worker] o.apache.catalina.core.StandardService   : Starting service [Tomcat]
2024-01-29T20:19:26.144Z  INFO 12161 --- [    Test worker] o.apache.catalina.core.StandardEngine    : Starting Servlet engine: [Apache Tomcat/10.1.13]
2024-01-29T20:19:26.201Z  INFO 12161 --- [    Test worker] o.a.c.c.C.[Tomcat].[localhost].[/]       : Initializing Spring embedded WebApplicationContext
2024-01-29T20:19:26.202Z  INFO 12161 --- [    Test worker] w.s.c.ServletWebServerApplicationContext : Root WebApplicationContext: initialization completed in 568 ms
2024-01-29T20:19:26.401Z  INFO 12161 --- [    Test worker] o.s.b.w.embedded.tomcat.TomcatWebServer  : Tomcat started on port(s): 37279 (http) with context path ''
2024-01-29T20:19:26.407Z  INFO 12161 --- [    Test worker] e.cashcard.CashCardApplicationTests      : Started CashCardApplicationTests in 0.938 seconds (process running for 1.573)
2024-01-29T20:19:26.920Z  INFO 12161 --- [o-auto-1-exec-1] o.a.c.c.C.[Tomcat].[localhost].[/]       : Initializing Spring DispatcherServlet 'dispatcherServlet'
2024-01-29T20:19:26.920Z  INFO 12161 --- [o-auto-1-exec-1] o.s.web.servlet.DispatcherServlet        : Initializing Servlet 'dispatcherServlet'
2024-01-29T20:19:26.921Z  INFO 12161 --- [o-auto-1-exec-1] o.s.web.servlet.DispatcherServlet        : Completed initialization in 1 ms
]]></system-out>
  <system-err><![CDATA[]]></system-err>
</testsuite>
