<?xml version="1.0" encoding="UTF-8"?>
<testsuite name="example.cashcard.CashCardJsonTest" tests="2" skipped="0" failures="0" errors="0" timestamp="2024-01-29T20:19:27" hostname="spring-academy-boot-developer-w894-s1004-74d47f9d95-t5chm" time="0.04">
  <properties/>
  <testcase name="cashCardSerializationTest()" classname="example.cashcard.CashCardJsonTest" time="0.023"/>
  <testcase name="cashCardDeserializationTest()" classname="example.cashcard.CashCardJsonTest" time="0.016"/>
  <system-out><![CDATA[2024-01-29T20:19:27.030Z  INFO 12161 --- [    Test worker] t.c.s.AnnotationConfigContextLoaderUtils : Could not detect default configuration classes for test class [example.cashcard.CashCardJsonTest]: CashCardJsonTest does not declare any static, non-private, non-final, nested classes annotated with @Configuration.
2024-01-29T20:19:27.037Z  INFO 12161 --- [    Test worker] .b.t.c.SpringBootTestContextBootstrapper : Found @SpringBootConfiguration example.cashcard.CashCardApplication for test class example.cashcard.CashCardJsonTest

  .   ____          _            __ _ _
 /\\ / ___'_ __ _ _(_)_ __  __ _ \ \ \ \
( ( )\___ | '_ | '_| | '_ \/ _` | \ \ \ \
 \\/  ___)| |_)| | | | | || (_| |  ) ) ) )
  '  |____| .__|_| |_|_| |_\__, | / / / /
 =========|_|==============|___/=/_/_/_/
 :: Spring Boot ::                (v3.1.4)

2024-01-29T20:19:27.053Z  INFO 12161 --- [    Test worker] example.cashcard.CashCardJsonTest        : Starting CashCardJsonTest using Java 17.0.7 with PID 12161 (started by eduk8s in /home/eduk8s/exercises)
2024-01-29T20:19:27.053Z  INFO 12161 --- [    Test worker] example.cashcard.CashCardJsonTest        : No active profile set, falling back to 1 default profile: "default"
2024-01-29T20:19:27.095Z  INFO 12161 --- [    Test worker] example.cashcard.CashCardJsonTest        : Started CashCardJsonTest in 0.055 seconds (process running for 2.261)
]]></system-out>
  <system-err><![CDATA[]]></system-err>
</testsuite>
